08-01 09:30 | -1001702252597 (Анталия Life - Чат | Турция) | Тоже интересует. Можно ли с карты Юнион пэй от рсхб снять в банкомате и если да, то в каком? В Анталье | relevant:True, category:недвижимость, region:Анталия, explanation:Запрос о снятии наличных в банкомате, confidence:0.0
08-01 09:31 | -1001645684956 (Отзывы об отелях Турции) | Добрый день, подскажите есть ли тут люди которые сегодня вылетают в Москву в ночь с 1.08 на 2.08?
На инфоборде нет информации о трансфере, на ресепшене тоже 
Тур оператор - корал тревел | relevant:True, category:трансфер, region:Турция, explanation:Запрос информации о трансфере, confidence:0.8
08-01 21:23 | -1001772034672 (Анталия 🇹🇷 Чат TravelAsk) | Здравствуйте, скажите пожалуйста здесь есть магазин next? | relevant:True, category:недвижимость, region:Анталия, explanation:Запрос информации, confidence:0.0
08-02 00:43 | -1002863678655 (Группа 1 анталья, кемер) | Есть интерес к экскурсии, но не уверен, когда поеду | relevant:True, category:экскурсии, region:Анталия, explanation:Интерес, неуверенность, confidence:0.7999999999999999
08-02 00:45 | -1002863678655 (Группа 1 анталья, кемер) | Интересует аренда авто, но пока просто смотрю предложения | relevant:True, category:трансфер, region:Анталия, explanation:Запрос аренды авто, confidence:0.1
08-02 00:47 | -1001685419079 (Кемер 🇹🇷 Чат TravelAsk) | Добрый вечер, у кого был опыт смены отеля уже после визита, приехали, просто не понравилось, не соответствует отзывам что мы читали, номер не понравился, менять сказали овербукинг, завтра хотим обсудить с гидом. Если был опыт, поделитесь как все это проходит, удерживает ли отель какие-то суммы, помимо время что мы вынуждены тут пребывать, и реально ли без доплат это все сделать? | relevant:True, category:экскурсии, region:Кемер, explanation:Запрос информации о смене отеля, confidence:0.1
08-02 11:15 | -1001772034672 (Анталия 🇹🇷 Чат TravelAsk) | Подскажите какой и сколько по ценам бюджетный авто | relevant:True, category:трансфер, region:Анталия, explanation:Запрос информации о ценах, confidence:0.1
08-02 11:20 | -1001772034672 (Анталия 🇹🇷 Чат TravelAsk) | Если я могу созвониться приехать и забрать, супер | relevant:True, category:трансфер, region:Анталия, explanation:Запрос на связь и самовывоз, confidence:0.1
08-02 11:35 | -1001772034672 (Анталия 🇹🇷 Чат TravelAsk) | Можете сказать пожалуйста если в чемодане проводить много баночек газировки в чемоданах пропустят ли в аэропорту или нет или заставят выкинуть или вообще могут багаж конфисковать? | relevant:True, category:трансфер, intent_role:seeker, region:Анталия, explanation:Вопрос о правилах багажа, confidence:0.1
08-02 13:01 | -1001685419079 (Кемер 🇹🇷 Чат TravelAsk) | кто-нибудь знает как звонить с турецкой симки за границу? а то у меня при любом вызове что-то говорит автоответчик на турецком | relevant:True, category:экскурсии, intent_role:None, region:Кемер, explanation:Запрос о связи за границей, confidence:0.1
08-02 13:40 | -1001772034672 (Анталия 🇹🇷 Чат TravelAsk) | Подскажите, где можно посмотреть постельное белье хорошего турецкого качества, не за башенные деньги ? | relevant:True, category:экскурсии, intent_role:None, region:Анталия, explanation:Запрос о товаре, confidence:0.1
08-02 13:51 | -1001702252597 (Анталия Life - Чат | Турция) | Letim работает сейчас? Пытаюсь зарегаться в приложении выдает an unknown error, захожу с турецкой есим. Помогите, карты мир сбербанка не работают в магазинх по QR коду | relevant:True, category:экскурсии, intent_role:None, region:Анталия, explanation:Запрос помощи по приложению, confidence:0.1
08-02 15:00 | -1001772034672 (Анталия 🇹🇷 Чат TravelAsk) | Это где такая красота? Как называется отель? | relevant:True, category:бьюти, region:Анталия, explanation:Запрос информации о месте, confidence:0.1
08-02 15:00 | -1001772034672 (Анталия 🇹🇷 Чат TravelAsk) | Подскажите, в такси по счётчику показывало 335тл, а таксист при оплате qr кодом указал 370. Это так и есть? | relevant:True, category:трансфер, region:Анталия, explanation:Запрос уточнения стоимости, confidence:0.1
08-02 15:43 | -1001468780631 (Русские в Анталии) | Благодарю! Не на свою турецкую через это приложение тоже 49 руб? | relevant:True, category:экскурсии, region:Анталия, explanation:Запрос информации о цене, confidence:0.7999999999999999
08-02 15:54 | -1001645684956 (Отзывы об отелях Турции) | Подскажите а если нет лир в автобусе можно долларами заплатить ? | relevant:True, category:трансфер, region:Турция, explanation:Запрос информации о платеже, confidence:0.1
08-02 18:09 | -1001772034672 (Анталия 🇹🇷 Чат TravelAsk) | Пока объяснишь что хочу, автобус уже уедет 🥹 | relevant:True, category:трансфер, region:Анталия, explanation:Запрос о намерениях, confidence:0.1
08-02 18:15 | -1001645684956 (Отзывы об отелях Турции) | Подскажите, пожалуйста, какая температура воды в море в конце сентября , сильно прохладное 🙏 | relevant:True, category:экскурсии, region:Турция, explanation:Запрос о погоде, confidence:0.1
08-02 19:54 | -1001702252597 (Анталия Life - Чат | Турция) | Всем добрый вечер, подскажите где купить вкусные турецкие сладости? Частные лавки или супермаркеты? Если супермаркет, то каких производителей можете посоветовать? Берём себе и родственникам с отпуска. Спасибо. | relevant:True, category:экскурсии, region:Анталия, explanation:Запрос рекомендаций и информации, confidence:0.1
08-02 21:05 | -1001645684956 (Отзывы об отелях Турции) | Я вот все думаю, у нас на 4 на 10 дней , из Екб вышло 300 т. Это нормальный ценник или мы переплатили? Ну брали конечно в июле, турагенты сказали это прекрасная цена | relevant:True, category:экскурсии, region:Турция, explanation:Запрос о стоимости тура, confidence:0.1
08-02 23:33 | -1001702252597 (Анталия Life - Чат | Турция) | Всем добрый вечер, подскажите где купить вкусные турецкие сладости? Частные лавки или супермаркеты? Если супермаркет, то каких производителей можете посоветовать? Берём себе и родственникам с отпуска. Спасибо. | relevant:True, category:экскурсии, region:Анталия, explanation:Запрос рекомендаций и информации, confidence:0.1
08-03 07:49 | -1001685419079 (Кемер 🇹🇷 Чат TravelAsk) | Их там продают?  Сколькл они стоят? | relevant:True, category:недвижимость, region:Кемер, explanation:Запрос цены и наличия, confidence:0.1
08-03 10:41 | -1001772034672 (Анталия 🇹🇷 Чат TravelAsk) | Какое есть официально такси , кроме Яндекс , чтобы приложением | relevant:True, category:трансфер, region:Анталия, explanation:Запрос информации о такси, confidence:0.1
08-03 10:41 | -1001772034672 (Анталия 🇹🇷 Чат TravelAsk) | Ребят, по ходу словил тепловой удар, а мне домой ехать. Всю ночь - пот и спорадическая боль живота. И вот как раз от боли живота я таблетосов и не взял, но взял уголь и антибактериальные. Чтоб спокойно доехать, надо эти приступы боли заглушить) может, кто-то знает что именно можно купить в местных аптеках? Спасибо! (Есть пенталгин, но обычно его пьют от головной боли, не уверен что здесь он поможет) | relevant:True, category:недвижимость, region:Анталия, explanation:Запрос о лекарствах в аптеках, confidence:0.1
08-03 10:41 | -1001468780631 (Русские в Анталии) | Здравствуйте всем! В каком нибудь банке возможно открыть на рос паспорт и чешский внж счёт? | relevant:True, category:внж, region:Анталия, explanation:Запрос о банковских услугах, confidence:0.1
08-03 10:41 | -1001468780631 (Русские в Анталии) | Здравствуйте, не могли бы подсказать, как перевести рубли на лиры? Как снять с русской карты? Какие способы используете ? Буду вам очень благодарна ❤️ | relevant:True, category:недвижимость, region:Анталия, explanation:Запрос о переводе валют, confidence:0.1
08-03 11:26 | -1001645684956 (Отзывы об отелях Турции) | Здравствуйте 
Кто от пегаса здесь был?
Шамиль -гид, поменял на встрече рубли на лиры
Сказал в конце если останутся поменяет обратно. Теперь не отвечает на сообщения

Сталкивался кто-то? | relevant:True, category:экскурсии, region:Турция, explanation:Запрос информации о гиде, confidence:0.1
08-03 11:40 | -1001685419079 (Кемер 🇹🇷 Чат TravelAsk) | А есть банкомат где снять рубли? | relevant:True, category:недвижимость, region:Кемер, explanation:Запрос о банкомате, confidence:0.1
08-03 11:42 | -1001645684956 (Отзывы об отелях Турции) | Здравствуйте! Интересно. Не знала) А почему турки за отель платят больше, чем россияне? | relevant:True, category:экскурсии, region:Турция, explanation:Общий интерес, вопрос, confidence:0.1
08-03 12:17 | -1001772034672 (Анталия 🇹🇷 Чат TravelAsk) | А какой автобус? | relevant:True, category:трансфер, region:Анталия, explanation:Запрос информации, confidence:0.1
08-03 12:31 | -1001645684956 (Отзывы об отелях Турции) | Добрый день! Подскажите, пожалуйста, можно на общественном транспорте от victory resort добраться до парка land of legend? 
И что интересного есть рядом с отелем для посещения с ребёнком? | relevant:True, category:трансфер, region:Турция, explanation:Запрос информации и совет, confidence:0.1
08-03 12:38 | -1001772034672 (Анталия 🇹🇷 Чат TravelAsk) | Ребята, на своей машине можно ездить ровно столько сколько получаешь ВНЖ?
Просто продлевать на таможне? | relevant:True, category:внж, region:Анталия, explanation:Запрос информации о ВНЖ и правилах, confidence:0.1
08-03 12:39 | -1002484626900 (Анталия, Турция 🇹🇷) | Ребята, на своей машине можно ездить ровно столько сколько получаешь ВНЖ?
Просто продлевать на таможне? | relevant:True, category:внж, region:Анталия, explanation:Запрос информации о ВНЖ и правилах, confidence:0.1
08-03 13:09 | -1001772034672 (Анталия 🇹🇷 Чат TravelAsk) | То есть если в аэропорту купить турецкую симку, чтобы был интернет на время пересадки, телефон не турецкий заблокируют??? | relevant:True, category:трансфер, region:Анталия, explanation:Вопрос о покупке симки, confidence:0.0
08-03 13:42 | -1001702252597 (Анталия Life - Чат | Турция) | Ищу работу СММ, (опыт более пяти лет). Обладаю успешным опытом создания текстов и продвижения брендов в различных нишах. Знание языков: русский, турецкий, английский | relevant:True, category:экскурсии, region:Анталия, explanation:Запрос о работе, confidence:0.1
08-03 14:03 | -1001685419079 (Кемер 🇹🇷 Чат TravelAsk) | Добрый день, какая цена поездки на кводрацикле 15 м,и где лучше? | relevant:True, category:экскурсии, region:Кемер, explanation:Запрос цены и рекомендаций, confidence:0.1
08-03 14:50 | -1001685419079 (Кемер 🇹🇷 Чат TravelAsk) | Понятно, про турецкие не в курсе тогда. Если кто-то ответит, маякните, плз | relevant:True, category:экскурсии, region:Кемер, explanation:Запрос о турецких экскурсиях, confidence:0.7999999999999999
08-03 14:52 | -1001772034672 (Анталия 🇹🇷 Чат TravelAsk) | Замечательно 🙏🏼 хоть где-то нет русских 😄 скажите что далеко до моря , и дешево . Район рабочих турков . | relevant:True, category:экскурсии, region:Анталия, explanation:Запрос информации о районе и ценах, confidence:0.7999999999999999
08-03 14:52 | -1001772034672 (Анталия 🇹🇷 Чат TravelAsk) | За сколько, по времени, нужно быть в аэропорту ? | relevant:True, category:трансфер, region:Анталия, explanation:Запрос информации, confidence:0.1
08-03 14:52 | -1001772034672 (Анталия 🇹🇷 Чат TravelAsk) | Кто-нибудь приезжал раньше времени  в аэропорт, пускают в дюти фри, или же регистрация на рейс строго по времени ? | relevant:True, category:трансфер, region:Анталия, explanation:Вопрос о процедуре, confidence:0.1
08-05 15:27 | -1001468780631 (Русские в Анталии) | Добрый день, подскажите, пожалуйста,как заплатить айдат ,если нет возможности открыть счёт в банке из-за отсутствия ВНЖ | relevant:True, category:внж, region:Анталия, explanation:Запрос о платеже айдат, confidence:0.1
08-05 15:48 | -1001685419079 (Кемер 🇹🇷 Чат TravelAsk) | Не понимаю, стоит вообще пытаться или нет🙈 чтобы система с ребёнком не раскидала по самолёту. Кто как делал, именно туркиш аэрлайнс | relevant:True, category:экскурсии, region:Кемер, explanation:Запрос совета по авиакомпании, confidence:0.7999999999999999
08-05 15:55 | -1002739378698 (анталия чат Канал 2) | - Добрый день!
Посоветуйте, пожалуйста, пологим заходом в воду. | relevant:True, category:недвижимость, region:Анталия, explanation:Запрос совета или информации, confidence:0.1
08-05 15:58 | -1002739378698 (анталия чат Канал 2) | Ищу отель с песчаным пляжем и пологим заходом в воду. | relevant:True, category:недвижимость, region:Анталия, explanation:Запрос поиска отеля, confidence:0.1
08-05 16:02 | -1001772034672 (Анталия 🇹🇷 Чат TravelAsk) | Полностью согласен с вами) поэтому и написал как туристом пожил)
Скажите пожалуйста а когда лучше приезжать сюда? | relevant:True, category:экскурсии, region:Анталия, explanation:Вопрос о поездке, confidence:0.1
08-05 16:14 | -1001702252597 (Анталия Life - Чат | Турция) | Всем привет! Нужна яхта на 9 августа на 4 человека не за конскую сумму, и чтобы можно было оплатить переводом с российской карты
если у кого есть контакты, пришлите пожалуйста) | relevant:True, category:недвижимость, region:Анталия, explanation:Запрос услуги аренды яхты, confidence:0.1
08-05 16:18 | -1001772034672 (Анталия 🇹🇷 Чат TravelAsk) | А что лучше будет 
Рубли в доллары потом в турции в лиры
Или сразу рубли в лиры? | relevant:True, category:экскурсии, region:Анталия, explanation:Запрос о валюте, confidence:0.1
08-05 19:34 | -1001645684956 (Отзывы об отелях Турции) | И вопрос по размещению в номер с балконом, как поняла, в турах их не бывает заранее и только при заселении, нужно попросить? | relevant:True, category:экскурсии, region:Турция, explanation:Запрос о размещении, confidence:0.1
08-05 19:52 | -1001702252597 (Анталия Life - Чат | Турция) | А как же туда доехать? На такси дорого, не проще ли и дешевле туром? | relevant:True, category:трансфер, region:Анталия, explanation:Запрос о транспортных услугах, confidence:0.7
08-05 23:00 | -1001468780631 (Русские в Анталии) | Всем привет, ищу работу фотографом , умею снимать на дроне))) буду очень благодарен кто напишет 😇 | relevant:True, category:недвижимость, region:Анталия, explanation:Запрос работы фотографом, confidence:0.1
08-05 23:00 | -1001702252597 (Анталия Life - Чат | Турция) | Всем привет, ищу работу фотографом , умею снимать на дроне))) буду очень благодарен кто напишет 😇 | relevant:True, category:недвижимость, region:Анталия, explanation:Запрос работы фотографом, confidence:0.1
